<?xml version="1.0" encoding="UTF-8"?>
<testsuite name="AccountServiceTest" tests="1" skipped="0" failures="0" errors="0" timestamp="2022-05-14T22:58:37" hostname="toronto" time="13.766">
  <properties/>
  <testcase name="start" classname="AccountServiceTest" time="13.766"/>
  <system-out><![CDATA[?[1;31m
Start test 1?[0m

  .   ____          _            __ _ _
 /\\ / ___'_ __ _ _(_)_ __  __ _ \ \ \ \
( ( )\___ | '_ | '_| | '_ \/ _` | \ \ \ \
 \\/  ___)| |_)| | | | | || (_| |  ) ) ) )
  '  |____| .__|_| |_|_| |_\__, | / / / /
 =========|_|==============|___/=/_/_/_/
 :: Spring Boot ::        (v2.3.1.RELEASE)

2022-05-15 00:58:39.712  INFO 436023 --- [    Test worker] account.AccountServiceApplication        : Starting AccountServiceApplication on toronto with PID 436023 (started by omar in /home/omar/IdeaProjects/Account Service/Account Service/task)
2022-05-15 00:58:39.721  INFO 436023 --- [    Test worker] account.AccountServiceApplication        : No active profile set, falling back to default profiles: default
2022-05-15 00:58:44.501  INFO 436023 --- [    Test worker] .s.d.r.c.RepositoryConfigurationDelegate : Bootstrapping Spring Data JDBC repositories in DEFAULT mode.
2022-05-15 00:58:44.594  INFO 436023 --- [    Test worker] .s.d.r.c.RepositoryConfigurationDelegate : Finished Spring Data repository scanning in 73ms. Found 0 JDBC repository interfaces.
2022-05-15 00:58:46.084  INFO 436023 --- [    Test worker] o.s.b.w.embedded.tomcat.TomcatWebServer  : Tomcat initialized with port(s): 28852 (https)
2022-05-15 00:58:46.118  INFO 436023 --- [    Test worker] o.apache.catalina.core.StandardService   : Starting service [Tomcat]
2022-05-15 00:58:46.119  INFO 436023 --- [    Test worker] org.apache.catalina.core.StandardEngine  : Starting Servlet engine: [Apache Tomcat/9.0.36]
2022-05-15 00:58:46.290  INFO 436023 --- [    Test worker] o.a.c.c.C.[Tomcat].[localhost].[/]       : Initializing Spring embedded WebApplicationContext
2022-05-15 00:58:46.290  INFO 436023 --- [    Test worker] w.s.c.ServletWebServerApplicationContext : Root WebApplicationContext: initialization completed in 6364 ms
2022-05-15 00:58:46.773  INFO 436023 --- [    Test worker] com.zaxxer.hikari.HikariDataSource       : HikariPool-1 - Starting...
2022-05-15 00:58:47.458  INFO 436023 --- [    Test worker] com.zaxxer.hikari.HikariDataSource       : HikariPool-1 - Start completed.
2022-05-15 00:58:47.854  INFO 436023 --- [    Test worker] o.s.s.p.JdbcUserDetailsManager           : No authentication manager set. Reauthentication of users when changing passwords will not be performed.
2022-05-15 00:58:47.953  INFO 436023 --- [    Test worker] o.s.aop.framework.CglibAopProxy          : Unable to proxy interface-implementing method [public final void org.springframework.dao.support.DaoSupport.afterPropertiesSet() throws java.lang.IllegalArgumentException,org.springframework.beans.factory.BeanInitializationException] because it is marked as final: Consider using interface-based JDK proxies instead!
2022-05-15 00:58:48.458 DEBUG 436023 --- [    Test worker] edFilterInvocationSecurityMetadataSource : Adding web access control expression 'permitAll', for Ant [pattern='/api/auth/signup']
2022-05-15 00:58:48.468 DEBUG 436023 --- [    Test worker] edFilterInvocationSecurityMetadataSource : Adding web access control expression 'permitAll', for Ant [pattern='/actuator/shutdown', POST]
2022-05-15 00:58:48.469 DEBUG 436023 --- [    Test worker] edFilterInvocationSecurityMetadataSource : Adding web access control expression 'hasAnyRole('ROLE_USER','ROLE_ACCOUNTANT','ROLE_ADMINISTRATOR')', for Ant [pattern='api/auth/**', POST]
2022-05-15 00:58:48.479 DEBUG 436023 --- [    Test worker] edFilterInvocationSecurityMetadataSource : Adding web access control expression 'hasAuthority('payment:read')', for Ant [pattern='/api/empl/payment*', GET]
2022-05-15 00:58:48.480 DEBUG 436023 --- [    Test worker] edFilterInvocationSecurityMetadataSource : Adding web access control expression 'hasAnyRole('ROLE_ACCOUNTANT')', for Ant [pattern='/api/acct/payments', POST]
2022-05-15 00:58:48.480 DEBUG 436023 --- [    Test worker] edFilterInvocationSecurityMetadataSource : Adding web access control expression 'hasAnyRole('ROLE_ACCOUNTANT')', for Ant [pattern='/api/acct/payments', PUT]
2022-05-15 00:58:48.480 DEBUG 436023 --- [    Test worker] edFilterInvocationSecurityMetadataSource : Adding web access control expression 'hasAuthority('event:read')', for Ant [pattern='/api/security/events/', GET]
2022-05-15 00:58:48.481 DEBUG 436023 --- [    Test worker] edFilterInvocationSecurityMetadataSource : Adding web access control expression 'hasAnyRole('ROLE_ADMINISTRATOR')', for Ant [pattern='/api/admin/**']
2022-05-15 00:58:48.488 DEBUG 436023 --- [    Test worker] edFilterInvocationSecurityMetadataSource : Adding web access control expression 'authenticated', for any request
2022-05-15 00:58:48.504 DEBUG 436023 --- [    Test worker] o.s.s.w.a.i.FilterSecurityInterceptor    : Validated configuration attributes
2022-05-15 00:58:48.506 DEBUG 436023 --- [    Test worker] o.s.s.w.a.i.FilterSecurityInterceptor    : Validated configuration attributes
2022-05-15 00:58:48.523  INFO 436023 --- [    Test worker] o.s.s.web.DefaultSecurityFilterChain     : Creating filter chain: any request, [org.springframework.security.web.context.request.async.WebAsyncManagerIntegrationFilter@22da200e, org.springframework.security.web.context.SecurityContextPersistenceFilter@1b409a79, org.springframework.security.web.header.HeaderWriterFilter@7bede4ea, org.springframework.security.web.authentication.logout.LogoutFilter@314b7945, org.springframework.security.web.authentication.www.BasicAuthenticationFilter@7871d261, org.springframework.security.web.savedrequest.RequestCacheAwareFilter@1cba0321, org.springframework.security.web.servletapi.SecurityContextHolderAwareRequestFilter@3e0a9b1d, org.springframework.security.web.authentication.AnonymousAuthenticationFilter@4f26425b, org.springframework.security.web.session.SessionManagementFilter@2dcd0e41, org.springframework.security.web.access.ExceptionTranslationFilter@652e345, org.springframework.security.web.access.intercept.FilterSecurityInterceptor@58601e7a]
2022-05-15 00:58:48.881  INFO 436023 --- [    Test worker] o.s.s.concurrent.ThreadPoolTaskExecutor  : Initializing ExecutorService 'applicationTaskExecutor'
2022-05-15 00:58:49.678  INFO 436023 --- [    Test worker] o.s.b.a.e.web.EndpointLinksResolver      : Exposing 14 endpoint(s) beneath base path '/actuator'
2022-05-15 00:58:51.041  INFO 436023 --- [    Test worker] o.s.b.w.embedded.tomcat.TomcatWebServer  : Tomcat started on port(s): 28852 (https) with context path ''
2022-05-15 00:58:51.064  INFO 436023 --- [    Test worker] account.AccountServiceApplication        : Started AccountServiceApplication in 12.475 seconds (JVM running for 15.202)
CN=accountant_service, OU=Unknown, O=Unknown, L=Unknown, ST=Unknown, C=Unknown SHA256withRSA
]]></system-out>
  <system-err><![CDATA[]]></system-err>
</testsuite>
